<?xml version="1.0" encoding="UTF-8"?>
<!-- Generated by org.testng.reporters.JUnitReportReporter -->
<testsuite hostname="DESKTOP-OPP907H" failures="0" tests="1" name="com.pom.scribblesAdmin.shared.TestRunner.LoginpageRF" time="11.548" errors="0" timestamp="2023-11-21T16:35:37 IST" skipped="0">
  <testcase classname="com.pom.scribblesAdmin.shared.TestRunner.LoginpageRF" name="runScenario" time="11.548"/>
</testsuite> <!-- com.pom.scribblesAdmin.shared.TestRunner.LoginpageRF -->
